#
# There is insufficient memory for the Java Runtime Environment to continue.
# Native memory allocation (malloc) failed to allocate 457296 bytes for Chunk::new
# Possible reasons:
#   The system is out of physical RAM or swap space
#   In 32 bit mode, the process size limit was hit
# Possible solutions:
#   Reduce memory load on the system
#   Increase physical memory or swap space
#   Check if swap backing store is full
#   Use 64 bit Java on a 64 bit OS
#   Decrease Java heap size (-Xmx/-Xms)
#   Decrease number of Java threads
#   Decrease Java thread stack sizes (-Xss)
#   Set larger code cache with -XX:ReservedCodeCacheSize=
# This output file may be truncated or incomplete.
#
#  Out of Memory Error (allocation.cpp:390), pid=8028, tid=8128
#
# JRE version: Java(TM) SE Runtime Environment (8.0_60-b27) (build 1.8.0_60-b27)
# Java VM: Java HotSpot(TM) 64-Bit Server VM (25.60-b23 mixed mode windows-amd64 compressed oops)
# Failed to write core dump. Minidumps are not enabled by default on client versions of Windows
#

---------------  T H R E A D  ---------------

Current thread (0x00000000146ab000):  JavaThread "C2 CompilerThread0" daemon [_thread_in_native, id=8128, stack(0x0000000015cf0000,0x0000000015df0000)]

Stack: [0x0000000015cf0000,0x0000000015df0000]
[error occurred during error reporting (printing stack bounds), id 0xc0000005]

Native frames: (J=compiled Java code, j=interpreted, Vv=VM code, C=native code)


Current CompileTask:
C2:   9391  847       4       java.lang.String::split (326 bytes)


---------------  P R O C E S S  ---------------

Java Threads: ( => current thread )
  0x00000000163dc000 JavaThread "Keep-Alive-Timer" daemon [_thread_blocked, id=6392, stack(0x0000000017510000,0x0000000017610000)]
  0x0000000016104000 JavaThread "Monitor Ctrl-Break" daemon [_thread_in_native, id=2376, stack(0x00000000165f0000,0x00000000166f0000)]
  0x0000000015ff6000 JavaThread "Service Thread" daemon [_thread_blocked, id=6336, stack(0x00000000163f0000,0x00000000164f0000)]
  0x000000001470d000 JavaThread "C1 CompilerThread2" daemon [_thread_blocked, id=6540, stack(0x0000000015ef0000,0x0000000015ff0000)]
  0x0000000014707000 JavaThread "C2 CompilerThread1" daemon [_thread_blocked, id=7048, stack(0x0000000015df0000,0x0000000015ef0000)]
=>0x00000000146ab000 JavaThread "C2 CompilerThread0" daemon [_thread_in_native, id=8128, stack(0x0000000015cf0000,0x0000000015df0000)]
  0x00000000146a9800 JavaThread "Attach Listener" daemon [_thread_blocked, id=8384, stack(0x0000000015bf0000,0x0000000015cf0000)]
  0x00000000146a8800 JavaThread "Signal Dispatcher" daemon [_thread_blocked, id=6672, stack(0x0000000015af0000,0x0000000015bf0000)]
  0x0000000001ef7000 JavaThread "Finalizer" daemon [_thread_blocked, id=4184, stack(0x0000000015910000,0x0000000015a10000)]
  0x0000000001eee000 JavaThread "Reference Handler" daemon [_thread_blocked, id=7720, stack(0x0000000015810000,0x0000000015910000)]
  0x00000000021ee000 JavaThread "main" [_thread_in_Java, id=5452, stack(0x0000000001ca0000,0x0000000001da0000)]

Other Threads:
  0x0000000014677800 VMThread [stack: 0x0000000015710000,0x0000000015810000] [id=6416]
  0x0000000015ffb800 WatcherThread [stack: 0x00000000164f0000,0x00000000165f0000] [id=2320]

VM state:not at safepoint (normal execution)

VM Mutex/Monitor currently owned by a thread: None

Heap:
 PSYoungGen      total 232448K, used 177056K [0x00000000eb180000, 0x00000000fab00000, 0x0000000100000000)
  eden space 214528K, 76% used [0x00000000eb180000,0x00000000f516b488,0x00000000f8300000)
  from space 17920K, 74% used [0x00000000f9600000,0x00000000fa2fcbd0,0x00000000fa780000)
  to   space 19456K, 0% used [0x00000000f8300000,0x00000000f8300000,0x00000000f9600000)
 ParOldGen       total 103424K, used 46818K [0x00000000c1400000, 0x00000000c7900000, 0x00000000eb180000)
  object space 103424K, 45% used [0x00000000c1400000,0x00000000c41b8890,0x00000000c7900000)
 Metaspace       used 7318K, capacity 7486K, committed 7552K, reserved 1056768K
  class space    used 807K, capacity 857K, committed 896K, reserved 1048576K

Card table byte_map: [0x00000000115b0000,0x00000000117b0000] byte_map_base: 0x0000000010fa6000

Marking Bits: (ParMarkBitMap*) 0x000000007473a5b0
 Begin Bits: [0x0000000011bb0000, 0x0000000012b60000)
 End Bits:   [0x0000000012b60000, 0x0000000013b10000)

Polling page: 0x0000000001da0000

CodeCache: size=245760Kb used=3649Kb max_used=3660Kb free=242110Kb
 bounds [0x00000000021f0000, 0x0000000002590000, 0x00000000111f0000]
 total_blobs=1177 nmethods=872 adapters=218
 compilation: enabled

Compilation events (10 events):
Event: 9.317 Thread 0x0000000014707000  869       4       java.util.ArrayList::subListRangeCheck (110 bytes)
Event: 9.318 Thread 0x0000000014707000 nmethod 869 0x0000000002580990 code [0x0000000002580ac0, 0x0000000002580b58]
Event: 9.318 Thread 0x0000000014707000  870       4       java.util.ArrayList$SubList::<init> (46 bytes)
Event: 9.319 Thread 0x0000000014707000 nmethod 870 0x0000000002580c10 code [0x0000000002580d40, 0x0000000002580dd8]
Event: 9.320 Thread 0x0000000014707000  871       4       java.util.ArrayList$SubList::listIterator (25 bytes)
Event: 9.322 Thread 0x0000000014707000 nmethod 871 0x0000000002580550 code [0x00000000025806a0, 0x0000000002580818]
Event: 9.322 Thread 0x0000000014707000  872       4       java.util.ArrayList$SubList$1::<init> (47 bytes)
Event: 9.323 Thread 0x0000000014707000 nmethod 872 0x0000000002583510 code [0x0000000002583640, 0x00000000025836f8]
Event: 9.326 Thread 0x0000000014707000  873       4       java.util.regex.Matcher::reset (83 bytes)
Event: 9.329 Thread 0x0000000014707000 nmethod 873 0x0000000002584bd0 code [0x0000000002584d20, 0x0000000002584e58]

GC Heap History (10 events):
Event: 6.863 GC heap before
{Heap before GC invocations=17 (full 2):
 PSYoungGen      total 147456K, used 143568K [0x00000000eb180000, 0x00000000f4680000, 0x0000000100000000)
  eden space 143360K, 100% used [0x00000000eb180000,0x00000000f3d80000,0x00000000f3d80000)
  from space 4096K, 5% used [0x00000000f4180000,0x00000000f41b4010,0x00000000f4580000)
  to   space 4096K, 0% used [0x00000000f3d80000,0x00000000f3d80000,0x00000000f4180000)
 ParOldGen       total 77824K, used 60080K [0x00000000c1400000, 0x00000000c6000000, 0x00000000eb180000)
  object space 77824K, 77% used [0x00000000c1400000,0x00000000c4eac320,0x00000000c6000000)
 Metaspace       used 7266K, capacity 7422K, committed 7552K, reserved 1056768K
  class space    used 806K, capacity 857K, committed 896K, reserved 1048576K
Event: 6.901 GC heap after
Heap after GC invocations=17 (full 2):
 PSYoungGen      total 147456K, used 4077K [0x00000000eb180000, 0x00000000f8780000, 0x0000000100000000)
  eden space 143360K, 0% used [0x00000000eb180000,0x00000000eb180000,0x00000000f3d80000)
  from space 4096K, 99% used [0x00000000f3d80000,0x00000000f417b620,0x00000000f4180000)
  to   space 19456K, 0% used [0x00000000f7480000,0x00000000f7480000,0x00000000f8780000)
 ParOldGen       total 100864K, used 100051K [0x00000000c1400000, 0x00000000c7680000, 0x00000000eb180000)
  object space 100864K, 99% used [0x00000000c1400000,0x00000000c75b4e78,0x00000000c7680000)
 Metaspace       used 7266K, capacity 7422K, committed 7552K, reserved 1056768K
  class space    used 806K, capacity 857K, committed 896K, reserved 1048576K
}
Event: 6.901 GC heap before
{Heap before GC invocations=18 (full 3):
 PSYoungGen      total 147456K, used 4077K [0x00000000eb180000, 0x00000000f8780000, 0x0000000100000000)
  eden space 143360K, 0% used [0x00000000eb180000,0x00000000eb180000,0x00000000f3d80000)
  from space 4096K, 99% used [0x00000000f3d80000,0x00000000f417b620,0x00000000f4180000)
  to   space 19456K, 0% used [0x00000000f7480000,0x00000000f7480000,0x00000000f8780000)
 ParOldGen       total 100864K, used 100051K [0x00000000c1400000, 0x00000000c7680000, 0x00000000eb180000)
  object space 100864K, 99% used [0x00000000c1400000,0x00000000c75b4e78,0x00000000c7680000)
 Metaspace       used 7266K, capacity 7422K, committed 7552K, reserved 1056768K
  class space    used 806K, capacity 857K, committed 896K, reserved 1048576K
Event: 6.950 GC heap after
Heap after GC invocations=18 (full 3):
 PSYoungGen      total 147456K, used 0K [0x00000000eb180000, 0x00000000f8780000, 0x0000000100000000)
  eden space 143360K, 0% used [0x00000000eb180000,0x00000000eb180000,0x00000000f3d80000)
  from space 4096K, 0% used [0x00000000f3d80000,0x00000000f3d80000,0x00000000f4180000)
  to   space 19456K, 0% used [0x00000000f7480000,0x00000000f7480000,0x00000000f8780000)
 ParOldGen       total 103424K, used 46818K [0x00000000c1400000, 0x00000000c7900000, 0x00000000eb180000)
  object space 103424K, 45% used [0x00000000c1400000,0x00000000c41b8890,0x00000000c7900000)
 Metaspace       used 7266K, capacity 7422K, committed 7552K, reserved 1056768K
  class space    used 806K, capacity 857K, committed 896K, reserved 1048576K
}
Event: 7.324 GC heap before
{Heap before GC invocations=19 (full 3):
 PSYoungGen      total 147456K, used 143360K [0x00000000eb180000, 0x00000000f8780000, 0x0000000100000000)
  eden space 143360K, 100% used [0x00000000eb180000,0x00000000f3d80000,0x00000000f3d80000)
  from space 4096K, 0% used [0x00000000f3d80000,0x00000000f3d80000,0x00000000f4180000)
  to   space 19456K, 0% used [0x00000000f7480000,0x00000000f7480000,0x00000000f8780000)
 ParOldGen       total 103424K, used 46818K [0x00000000c1400000, 0x00000000c7900000, 0x00000000eb180000)
  object space 103424K, 45% used [0x00000000c1400000,0x00000000c41b8890,0x00000000c7900000)
 Metaspace       used 7266K, capacity 7422K, committed 7552K, reserved 1056768K
  class space    used 806K, capacity 857K, committed 896K, reserved 1048576K
Event: 7.328 GC heap after
Heap after GC invocations=19 (full 3):
 PSYoungGen      total 200192K, used 2576K [0x00000000eb180000, 0x00000000f8800000, 0x0000000100000000)
  eden space 180736K, 0% used [0x00000000eb180000,0x00000000eb180000,0x00000000f6200000)
  from space 19456K, 13% used [0x00000000f7480000,0x00000000f7704388,0x00000000f8780000)
  to   space 18944K, 0% used [0x00000000f6200000,0x00000000f6200000,0x00000000f7480000)
 ParOldGen       total 103424K, used 46818K [0x00000000c1400000, 0x00000000c7900000, 0x00000000eb180000)
  object space 103424K, 45% used [0x00000000c1400000,0x00000000c41b8890,0x00000000c7900000)
 Metaspace       used 7266K, capacity 7422K, committed 7552K, reserved 1056768K
  class space    used 806K, capacity 857K, committed 896K, reserved 1048576K
}
Event: 7.932 GC heap before
{Heap before GC invocations=20 (full 3):
 PSYoungGen      total 200192K, used 183312K [0x00000000eb180000, 0x00000000f8800000, 0x0000000100000000)
  eden space 180736K, 100% used [0x00000000eb180000,0x00000000f6200000,0x00000000f6200000)
  from space 19456K, 13% used [0x00000000f7480000,0x00000000f7704388,0x00000000f8780000)
  to   space 18944K, 0% used [0x00000000f6200000,0x00000000f6200000,0x00000000f7480000)
 ParOldGen       total 103424K, used 46818K [0x00000000c1400000, 0x00000000c7900000, 0x00000000eb180000)
  object space 103424K, 45% used [0x00000000c1400000,0x00000000c41b8890,0x00000000c7900000)
 Metaspace       used 7266K, capacity 7422K, committed 7552K, reserved 1056768K
  class space    used 806K, capacity 857K, committed 896K, reserved 1048576K
Event: 7.990 GC heap after
Heap after GC invocations=20 (full 3):
 PSYoungGen      total 199680K, used 2543K [0x00000000eb180000, 0x00000000fa780000, 0x0000000100000000)
  eden space 180736K, 0% used [0x00000000eb180000,0x00000000eb180000,0x00000000f6200000)
  from space 18944K, 13% used [0x00000000f6200000,0x00000000f647bfe0,0x00000000f7480000)
  to   space 17920K, 0% used [0x00000000f9600000,0x00000000f9600000,0x00000000fa780000)
 ParOldGen       total 103424K, used 46818K [0x00000000c1400000, 0x00000000c7900000, 0x00000000eb180000)
  object space 103424K, 45% used [0x00000000c1400000,0x00000000c41b8890,0x00000000c7900000)
 Metaspace       used 7266K, capacity 7422K, committed 7552K, reserved 1056768K
  class space    used 806K, capacity 857K, committed 896K, reserved 1048576K
}
Event: 8.671 GC heap before
{Heap before GC invocations=21 (full 3):
 PSYoungGen      total 199680K, used 179970K [0x00000000eb180000, 0x00000000fa780000, 0x0000000100000000)
  eden space 180736K, 98% used [0x00000000eb180000,0x00000000f5ec4b80,0x00000000f6200000)
  from space 18944K, 13% used [0x00000000f6200000,0x00000000f647bfe0,0x00000000f7480000)
  to   space 17920K, 0% used [0x00000000f9600000,0x00000000f9600000,0x00000000fa780000)
 ParOldGen       total 103424K, used 46818K [0x00000000c1400000, 0x00000000c7900000, 0x00000000eb180000)
  object space 103424K, 45% used [0x00000000c1400000,0x00000000c41b8890,0x00000000c7900000)
 Metaspace       used 7266K, capacity 7422K, committed 7552K, reserved 1056768K
  class space    used 806K, capacity 857K, committed 896K, reserved 1048576K
Event: 8.723 GC heap after
Heap after GC invocations=21 (full 3):
 PSYoungGen      total 232448K, used 13298K [0x00000000eb180000, 0x00000000fab00000, 0x0000000100000000)
  eden space 214528K, 0% used [0x00000000eb180000,0x00000000eb180000,0x00000000f8300000)
  from space 17920K, 74% used [0x00000000f9600000,0x00000000fa2fcbd0,0x00000000fa780000)
  to   space 19456K, 0% used [0x00000000f8300000,0x00000000f8300000,0x00000000f9600000)
 ParOldGen       total 103424K, used 46818K [0x00000000c1400000, 0x00000000c7900000, 0x00000000eb180000)
  object space 103424K, 45% used [0x00000000c1400000,0x00000000c41b8890,0x00000000c7900000)
 Metaspace       used 7266K, capacity 7422K, committed 7552K, reserved 1056768K
  class space    used 806K, capacity 857K, committed 896K, reserved 1048576K
}

Deoptimization events (10 events):
Event: 3.754 Thread 0x00000000021ee000 Uncommon trap: reason=array_check action=maybe_recompile pc=0x00000000024f35b4 method=java.util.AbstractCollection.toArray([Ljava/lang/Object;)[Ljava/lang/Object; @ 119
Event: 3.759 Thread 0x00000000021ee000 Uncommon trap: reason=predicate action=maybe_recompile pc=0x0000000002502f90 method=java.util.AbstractCollection.toArray([Ljava/lang/Object;)[Ljava/lang/Object; @ 49
Event: 3.759 Thread 0x00000000021ee000 Uncommon trap: reason=array_check action=maybe_recompile pc=0x00000000024f35b4 method=java.util.AbstractCollection.toArray([Ljava/lang/Object;)[Ljava/lang/Object; @ 119
Event: 6.498 Thread 0x00000000021ee000 Uncommon trap: reason=class_check action=maybe_recompile pc=0x000000000252c67c method=sun.nio.cs.SingleByte.withResult(Ljava/nio/charset/CoderResult;Ljava/nio/Buffer;ILjava/nio/Buffer;I)Ljava/nio/charset/CoderResult; @ 3
Event: 6.499 Thread 0x00000000021ee000 Uncommon trap: reason=class_check action=maybe_recompile pc=0x000000000250d3e0 method=java.util.AbstractCollection.toArray([Ljava/lang/Object;)[Ljava/lang/Object; @ 1
Event: 6.499 Thread 0x00000000021ee000 Uncommon trap: reason=unstable_if action=reinterpret pc=0x00000000025116c8 method=java.lang.String.split(Ljava/lang/String;I)[Ljava/lang/String; @ 263
Event: 6.501 Thread 0x00000000021ee000 Uncommon trap: reason=class_check action=maybe_recompile pc=0x000000000252c67c method=sun.nio.cs.SingleByte.withResult(Ljava/nio/charset/CoderResult;Ljava/nio/Buffer;ILjava/nio/Buffer;I)Ljava/nio/charset/CoderResult; @ 3
Event: 6.502 Thread 0x00000000021ee000 Uncommon trap: reason=class_check action=maybe_recompile pc=0x000000000252c67c method=sun.nio.cs.SingleByte.withResult(Ljava/nio/charset/CoderResult;Ljava/nio/Buffer;ILjava/nio/Buffer;I)Ljava/nio/charset/CoderResult; @ 3
Event: 6.502 Thread 0x00000000021ee000 Uncommon trap: reason=class_check action=maybe_recompile pc=0x000000000252c67c method=sun.nio.cs.SingleByte.withResult(Ljava/nio/charset/CoderResult;Ljava/nio/Buffer;ILjava/nio/Buffer;I)Ljava/nio/charset/CoderResult; @ 3
Event: 8.967 Thread 0x00000000021ee000 Uncommon trap: reason=unstable_if action=reinterpret pc=0x000000000254a90c method=java.lang.String.split(Ljava/lang/String;I)[Ljava/lang/String; @ 8

Internal exceptions (9 events):
Event: 0.089 Thread 0x00000000021ee000 Exception <a 'java/lang/NoSuchMethodError': Method sun.misc.Unsafe.defineClass(Ljava/lang/String;[BII)Ljava/lang/Class; name or signature does not match> (0x00000000eb18e750) thrown at [C:\re\workspace\8-2-build-windows-amd64-cygwin\jdk8u60\4407\hotspot\srŸù⁄]Lø∂?
Event: 0.089 Thread 0x00000000021ee000 Exception <a 'java/lang/NoSuchMethodError': Method sun.misc.Unsafe.prefetchRead(Ljava/lang/Object;J)V name or signature does not match> (0x00000000eb18ea38) thrown at [C:\re\workspace\8-2-build-windows-amd64-cygwin\jdk8u60\4407\hotspot\src\share\vm\prims\jrØœNL„?
Event: 0.603 Thread 0x00000000021ee000 Exception <a 'java/security/PrivilegedActionException'> (0x00000000eb35f318) thrown at [C:\re\workspace\8-2-build-windows-amd64-cygwin\jdk8u60\4407\hotspot\src\share\vm\prims\jvm.cpp, line 1386]
Event: 0.603 Thread 0x00000000021ee000 Exception <a 'java/security/PrivilegedActionException'> (0x00000000eb35f710) thrown at [C:\re\workspace\8-2-build-windows-amd64-cygwin\jdk8u60\4407\hotspot\src\share\vm\prims\jvm.cpp, line 1386]
Event: 0.605 Thread 0x00000000021ee000 Exception <a 'java/security/PrivilegedActionException'> (0x00000000eb363a00) thrown at [C:\re\workspace\8-2-build-windows-amd64-cygwin\jdk8u60\4407\hotspot\src\share\vm\prims\jvm.cpp, line 1386]
Event: 0.605 Thread 0x00000000021ee000 Exception <a 'java/security/PrivilegedActionException'> (0x00000000eb363df8) thrown at [C:\re\workspace\8-2-build-windows-amd64-cygwin\jdk8u60\4407\hotspot\src\share\vm\prims\jvm.cpp, line 1386]
Event: 0.805 Thread 0x00000000021ee000 Exception <a 'java/io/FileNotFoundException'> (0x00000000eb4380e0) thrown at [C:\re\workspace\8-2-build-windows-amd64-cygwin\jdk8u60\4407\hotspot\src\share\vm\prims\jni.cpp, line 709]
Event: 0.996 Thread 0x00000000021ee000 Exception <a 'java/lang/NoSuchFieldError': method resolution failed> (0x00000000eb505c10) thrown at [C:\re\workspace\8-2-build-windows-amd64-cygwin\jdk8u60\4407\hotspot\src\share\vm\prims\methodHandles.cpp, line 1146]
Event: 0.999 Thread 0x00000000021ee000 Exception <a 'java/lang/NoSuchFieldError': method resolution failed> (0x00000000eb513300) thrown at [C:\re\workspace\8-2-build-windows-amd64-cygwin\jdk8u60\4407\hotspot\src\share\vm\prims\methodHandles.cpp, line 1146]

Events (10 events):
Event: 9.250 Thread 0x00000000021ee000 DEOPT PACKING pc=0x000000000254ec0e sp=0x0000000001d9e4d0
Event: 9.251 Thread 0x00000000021ee000 DEOPT UNPACKING pc=0x000000000223787f sp=0x0000000001d9e2b0 mode 0
Event: 9.267 Thread 0x00000000021ee000 DEOPT PACKING pc=0x000000000254ec0e sp=0x0000000001d9e4f0
Event: 9.267 Thread 0x00000000021ee000 DEOPT UNPACKING pc=0x000000000223787f sp=0x0000000001d9e2d0 mode 0
Event: 9.291 Thread 0x00000000021ee000 DEOPT PACKING pc=0x000000000254ec0e sp=0x0000000001d9e4f0
Event: 9.291 Thread 0x00000000021ee000 DEOPT UNPACKING pc=0x000000000223787f sp=0x0000000001d9e2d0 mode 0
Event: 9.301 Thread 0x00000000021ee000 DEOPT PACKING pc=0x000000000254ec0e sp=0x0000000001d9e4f0
Event: 9.301 Thread 0x00000000021ee000 DEOPT UNPACKING pc=0x000000000223787f sp=0x0000000001d9e2d0 mode 0
Event: 9.310 Thread 0x00000000021ee000 DEOPT PACKING pc=0x000000000254ec0e sp=0x0000000001d9e4f0
Event: 9.310 Thread 0x00000000021ee000 DEOPT UNPACKING pc=0x000000000223787f sp=0x0000000001d9e2d0 mode 0


Dynamic libraries:
0x00007ff66df30000 - 0x00007ff66df67000 	C:\Program Files\Java\jdk1.8.0_60\bin\java.exe
0x00007ff9e6e70000 - 0x00007ff9e701d000 	C:\WINDOWS\SYSTEM32\ntdll.dll
0x00007ff9e4bf0000 - 0x00007ff9e4d2e000 	C:\WINDOWS\system32\KERNEL32.DLL
0x00007ff9e4090000 - 0x00007ff9e41a5000 	C:\WINDOWS\system32\KERNELBASE.dll
0x00007ff9e2b60000 - 0x00007ff9e2bee000 	C:\WINDOWS\system32\apphelp.dll
0x00007ff9c6310000 - 0x00007ff9c6363000 	C:\WINDOWS\AppPatch\AppPatch64\AcGenral.DLL
0x00007ff9e4df0000 - 0x00007ff9e4e9a000 	C:\WINDOWS\system32\msvcrt.dll
0x00007ff9e3df0000 - 0x00007ff9e3e1e000 	C:\WINDOWS\SYSTEM32\SspiCli.dll
0x00007ff9e44f0000 - 0x00007ff9e4544000 	C:\WINDOWS\system32\SHLWAPI.dll
0x00007ff9e69d0000 - 0x00007ff9e6b47000 	C:\WINDOWS\system32\USER32.dll
0x00007ff9e4ff0000 - 0x00007ff9e5184000 	C:\WINDOWS\system32\ole32.dll
0x00007ff9e5340000 - 0x00007ff9e686a000 	C:\WINDOWS\system32\SHELL32.dll
0x00007ff9e35c0000 - 0x00007ff9e35e1000 	C:\WINDOWS\SYSTEM32\USERENV.dll
0x00007ff9e51f0000 - 0x00007ff9e529a000 	C:\WINDOWS\system32\ADVAPI32.dll
0x00007ff9d01b0000 - 0x00007ff9d01ce000 	C:\WINDOWS\SYSTEM32\MPR.dll
0x00007ff9e48f0000 - 0x00007ff9e4a31000 	C:\WINDOWS\system32\RPCRT4.dll
0x00007ff9e52c0000 - 0x00007ff9e5319000 	C:\WINDOWS\SYSTEM32\sechost.dll
0x00007ff9e6b90000 - 0x00007ff9e6da1000 	C:\WINDOWS\SYSTEM32\combase.dll
0x00007ff9e4ea0000 - 0x00007ff9e4ff0000 	C:\WINDOWS\system32\GDI32.dll
0x00007ff9e3fc0000 - 0x00007ff9e3fd5000 	C:\WINDOWS\SYSTEM32\profapi.dll
0x00007ff9e2300000 - 0x00007ff9e23b2000 	C:\WINDOWS\SYSTEM32\SHCORE.dll
0x00007ff9e6b50000 - 0x00007ff9e6b86000 	C:\WINDOWS\system32\IMM32.DLL
0x00007ff9e6870000 - 0x00007ff9e69c2000 	C:\WINDOWS\system32\MSCTF.dll
0x00007ff9e1720000 - 0x00007ff9e199b000 	C:\WINDOWS\WinSxS\amd64_microsoft.windows.common-controls_6595b64144ccf1df_6.0.9600.18006_none_623f33d3ecbe86e8\COMCTL32.dll
0x0000000074900000 - 0x00000000749d2000 	C:\Program Files\Java\jdk1.8.0_60\jre\bin\msvcr100.dll
0x0000000073f30000 - 0x00000000747b9000 	C:\Program Files\Java\jdk1.8.0_60\jre\bin\server\jvm.dll
0x00007ff9dbc30000 - 0x00007ff9dbc39000 	C:\WINDOWS\SYSTEM32\WSOCK32.dll
0x00007ff9dc7c0000 - 0x00007ff9dc7e2000 	C:\WINDOWS\SYSTEM32\WINMM.dll
0x00007ff9dc2b0000 - 0x00007ff9dc2ba000 	C:\WINDOWS\SYSTEM32\VERSION.dll
0x00007ff9e5320000 - 0x00007ff9e5327000 	C:\WINDOWS\system32\PSAPI.DLL
0x00007ff9e45d0000 - 0x00007ff9e462a000 	C:\WINDOWS\system32\WS2_32.dll
0x00007ff9dc6b0000 - 0x00007ff9dc6da000 	C:\WINDOWS\SYSTEM32\WINMMBASE.dll
0x00007ff9e5330000 - 0x00007ff9e5339000 	C:\WINDOWS\system32\NSI.dll
0x00007ff9e44a0000 - 0x00007ff9e44ef000 	C:\WINDOWS\SYSTEM32\cfgmgr32.dll
0x00007ff9e2de0000 - 0x00007ff9e2e08000 	C:\WINDOWS\SYSTEM32\DEVOBJ.dll
0x00000000748f0000 - 0x00000000748ff000 	C:\Program Files\Java\jdk1.8.0_60\jre\bin\verify.dll
0x00000000748c0000 - 0x00000000748e9000 	C:\Program Files\Java\jdk1.8.0_60\jre\bin\java.dll
0x00000000748a0000 - 0x00000000748b6000 	C:\Program Files\Java\jdk1.8.0_60\jre\bin\zip.dll
0x00007ff9d4780000 - 0x00007ff9d4790000 	C:\Program Files (x86)\JetBrains\IntelliJ IDEA 14.1.5\bin\breakgen64.dll
0x0000000073f10000 - 0x0000000073f2a000 	C:\Program Files\Java\jdk1.8.0_60\jre\bin\net.dll
0x00007ff9e3950000 - 0x00007ff9e39a9000 	C:\WINDOWS\system32\mswsock.dll
0x0000000073d00000 - 0x0000000073e98000 	C:\Program Files\Java\jdk1.8.0_60\jre\bin\awt.dll
0x00007ff9e4820000 - 0x00007ff9e48e1000 	C:\WINDOWS\system32\OLEAUT32.dll
0x00007ff9e37e0000 - 0x00007ff9e3884000 	C:\WINDOWS\SYSTEM32\DNSAPI.dll
0x0000000075930000 - 0x0000000075956000 	C:\Program Files\Bonjour\mdnsNSP.dll
0x00007ff9de710000 - 0x00007ff9de73a000 	C:\WINDOWS\SYSTEM32\Iphlpapi.DLL
0x00007ff9de6f0000 - 0x00007ff9de6fa000 	C:\WINDOWS\SYSTEM32\WINNSI.DLL
0x00007ff9d7360000 - 0x00007ff9d736a000 	C:\Windows\System32\rasadhlp.dll
0x00007ff9de2d0000 - 0x00007ff9de33b000 	C:\WINDOWS\System32\fwpuclnt.dll

VM Arguments:
jvm_args: -Didea.launcher.port=7535 -Didea.launcher.bin.path=C:\Program Files (x86)\JetBrains\IntelliJ IDEA 14.1.5\bin -Dfile.encoding=windows-1252 
java_command: com.intellij.rt.execution.application.AppMain ProjectDir.Main
java_class_path (initial): C:\Program Files\Java\jdk1.8.0_60\jre\lib\charsets.jar;C:\Program Files\Java\jdk1.8.0_60\jre\lib\deploy.jar;C:\Program Files\Java\jdk1.8.0_60\jre\lib\javaws.jar;C:\Program Files\Java\jdk1.8.0_60\jre\lib\jce.jar;C:\Program Files\Java\jdk1.8.0_60\jre\lib\jfr.jar;C:\Program Files\Java\jdk1.8.0_60\jre\lib\jfxswt.jar;C:\Program Files\Java\jdk1.8.0_60\jre\lib\jsse.jar;C:\Program Files\Java\jdk1.8.0_60\jre\lib\management-agent.jar;C:\Program Files\Java\jdk1.8.0_60\jre\lib\plugin.jar;C:\Program Files\Java\jdk1.8.0_60\jre\lib\resources.jar;C:\Program Files\Java\jdk1.8.0_60\jre\lib\rt.jar;C:\Program Files\Java\jdk1.8.0_60\jre\lib\ext\access-bridge-64.jar;C:\Program Files\Java\jdk1.8.0_60\jre\lib\ext\cldrdata.jar;C:\Program Files\Java\jdk1.8.0_60\jre\lib\ext\dnsns.jar;C:\Program Files\Java\jdk1.8.0_60\jre\lib\ext\jaccess.jar;C:\Program Files\Java\jdk1.8.0_60\jre\lib\ext\jfxrt.jar;C:\Program Files\Java\jdk1.8.0_60\jre\lib\ext\localedata.jar;C:\Program Files\Java\jdk1.8.0_60\jre\lib\ext\nashorn.jar;C:\Program Files\Java\jdk1.8.0_60\jre\lib\ext\sunec.jar;C:\Program Files\Java\jdk1.8.0_60\jre\lib\ext\sunjce_provider.jar;C:\Program Files\Java\jdk1.8.0_60\jre\lib\ext\sunmscapi.jar;C:\Program Files\Java\jdk1.8.0_60\jre\lib\ext\sunpkcs11.jar;C:\Program Files\Java\jdk1.8.0_60\jre\lib\ext\zipfs.jar;C:\Workspace\Projects\Dota2ProAnalitics_0.0\out\production\Dota2ProAnalitics_0.0;C:\Workspace\Projects\Dota2ProAnalitics_0.0\lib\jsoup-1.7.1.jar;C:\Workspace\Projects\Dota2ProAnalitics_0.0\lib\jsoup-1.8.1.jar;C:\Workspace\Projects\Dota2ProAnalitics_0.0\lib\jsoup-1.7.1-sources.jar;C:\Program Files (x86)\JetBrains\IntelliJ IDEA 14.1.5\lib\idea_rt.jar
Launcher Type: SUN_STANDARD

Environment Variables:
PATH=C:\Program Files (x86)\NVIDIA Corporation\PhysX\Common;C:\ProgramData\Oracle\Java\javapath;C:\Program Files (x86)\Intel\iCLS Client\;C:\Program Files\Intel\iCLS Client\;C:\WINDOWS\system32;C:\WINDOWS;C:\WINDOWS\System32\Wbem;C:\WINDOWS\System32\WindowsPowerShell\v1.0\;C:\Program Files\Intel\Intel(R) Management Engine Components\DAL;C:\Program Files (x86)\Intel\Intel(R) Management Engine Components\DAL;C:\Program Files\Intel\Intel(R) Management Engine Components\IPT;C:\Program Files (x86)\Intel\Intel(R) Management Engine Components\IPT;C:\Program Files\Intel\WiFi\bin\;C:\Program Files\Common Files\Intel\WirelessCommon\;C:\Program Files (x86)\Windows Kits\8.1\Windows Performance Toolkit\;C:\Program Files\Microsoft SQL Server\110\Tools\Binn\;C:\Program Files (x86)\Heroku\bin;C:\Program Files (x86)\git\cmd;C:\Program Files\nodejs\;C:\Program Files (x86)\MySQL\MySQL Fabric 1.5 & MySQL Utilities 1.5\;C:\Program Files (x86)\MySQL\MySQL Fabric 1.5 & MySQL Utilities 1.5\Doctrine extensions for PHP\;C:\Program Files (x86)\Skype\Phone\;D:\drivers;C:\Program Files\Intel\WiFi\bin\;C:\Program Files\Common Files\Intel\WirelessCommon\;C:\Users\Robert\AppData\Roaming\npm
USERNAME=Robert
OS=Windows_NT
PROCESSOR_IDENTIFIER=Intel64 Family 6 Model 61 Stepping 4, GenuineIntel



---------------  S Y S T E M  ---------------

OS: Windows 8.1 , 64 bit Build 9600 (6.3.9600.17415)

CPU:total 4 (2 cores per cpu, 2 threads per core) family 6 model 61 stepping 4, cmov, cx8, fxsr, mmx, sse, sse2, sse3, ssse3, sse4.1, sse4.2, popcnt, avx, avx2, aes, clmul, erms, 3dnowpref, lzcnt, ht, tsc, tscinvbit, bmi1, bmi2, adx

Memory: 4k page, physical 4107352k(176916k free), swap 7253080k(9276k free)

vm_info: Java HotSpot(TM) 64-Bit Server VM (25.60-b23) for windows-amd64 JRE (1.8.0_60-b27), built on Aug  4 2015 11:06:27 by "java_re" with MS VC++ 10.0 (VS2010)

time: Wed Apr 06 17:49:51 2016
elapsed time: 9 seconds (0d 0h 0m 9s)

